0 info it worked if it ends with ok
1 verbose cli [ '/Users/dsegal/.nvm/versions/node/v4.2.1/bin/node',
1 verbose cli   '/Users/dsegal/.nvm/versions/node/v4.2.1/bin/npm',
1 verbose cli   'start' ]
2 info using npm@3.3.8
3 info using node@v4.2.1
4 verbose run-script [ 'prestart', 'start', 'poststart' ]
5 info lifecycle app-test@1.0.0~prestart: app-test@1.0.0
6 silly lifecycle app-test@1.0.0~prestart: no script for prestart, continuing
7 info lifecycle app-test@1.0.0~start: app-test@1.0.0
8 verbose lifecycle app-test@1.0.0~start: unsafe-perm in lifecycle true
9 verbose lifecycle app-test@1.0.0~start: PATH: /Users/dsegal/.nvm/versions/node/v4.2.1/lib/node_modules/npm/bin/node-gyp-bin:/Users/dsegal/webdev/app-test/node_modules/.bin:/Users/dsegal/.nvm/versions/node/v4.2.1/bin:/usr/local/heroku/bin:/usr/local/git/bin:/sw/bin/:/usr/local/bin:/usr/local/:/usr/local/sbin:/usr/local/mysql/bin:/usr/local/bin:/usr/bin:/bin:/usr/sbin:/sbin:/usr/local/bin/:/usr/local/share/python/
10 verbose lifecycle app-test@1.0.0~start: CWD: /Users/dsegal/webdev/app-test
11 silly lifecycle app-test@1.0.0~start: Args: [ '-c', 'node index.js' ]
12 silly lifecycle app-test@1.0.0~start: Returned: code: 1  signal: null
13 info lifecycle app-test@1.0.0~start: Failed to exec start script
14 verbose stack Error: app-test@1.0.0 start: `node index.js`
14 verbose stack Exit status 1
14 verbose stack     at EventEmitter.<anonymous> (/Users/dsegal/.nvm/versions/node/v4.2.1/lib/node_modules/npm/lib/utils/lifecycle.js:233:16)
14 verbose stack     at emitTwo (events.js:87:13)
14 verbose stack     at EventEmitter.emit (events.js:172:7)
14 verbose stack     at ChildProcess.<anonymous> (/Users/dsegal/.nvm/versions/node/v4.2.1/lib/node_modules/npm/lib/utils/spawn.js:24:14)
14 verbose stack     at emitTwo (events.js:87:13)
14 verbose stack     at ChildProcess.emit (events.js:172:7)
14 verbose stack     at maybeClose (internal/child_process.js:818:16)
14 verbose stack     at Process.ChildProcess._handle.onexit (internal/child_process.js:211:5)
15 verbose pkgid app-test@1.0.0
16 verbose cwd /Users/dsegal/webdev/app-test
17 error Darwin 15.0.0
18 error argv "/Users/dsegal/.nvm/versions/node/v4.2.1/bin/node" "/Users/dsegal/.nvm/versions/node/v4.2.1/bin/npm" "start"
19 error node v4.2.1
20 error npm  v3.3.8
21 error code ELIFECYCLE
22 error app-test@1.0.0 start: `node index.js`
22 error Exit status 1
23 error Failed at the app-test@1.0.0 start script 'node index.js'.
23 error This is most likely a problem with the app-test package,
23 error not with npm itself.
23 error Tell the author that this fails on your system:
23 error     node index.js
23 error You can get their info via:
23 error     npm owner ls app-test
23 error There is likely additional logging output above.
24 verbose exit [ 1, true ]
